<?xml version="1.0" encoding="UTF-8"?>
<coverage generated="1732480532373" clover="3.2.0">
  <project timestamp="1732480532373" name="All files">
    <metrics statements="53" coveredstatements="41" conditionals="12" coveredconditionals="7" methods="38" coveredmethods="27" elements="103" coveredelements="75" complexity="0" loc="53" ncloc="53" packages="1" files="2" classes="2"/>
    <file name="todo.js" path="/Users/tylermcgraw/launch_school/todolist/todo.js">
      <metrics statements="11" coveredstatements="10" conditionals="2" coveredconditionals="2" methods="6" coveredmethods="5"/>
      <line num="3" count="54" type="stmt"/>
      <line num="4" count="54" type="stmt"/>
      <line num="8" count="9" type="cond" truecount="2" falsecount="0"/>
      <line num="9" count="9" type="stmt"/>
      <line num="13" count="17" type="stmt"/>
      <line num="17" count="1" type="stmt"/>
      <line num="21" count="27" type="stmt"/>
      <line num="25" count="0" type="stmt"/>
      <line num="29" count="1" type="stmt"/>
      <line num="30" count="1" type="stmt"/>
      <line num="32" count="1" type="stmt"/>
    </file>
    <file name="todolist.js" path="/Users/tylermcgraw/launch_school/todolist/todolist.js">
      <metrics statements="42" coveredstatements="31" conditionals="10" coveredconditionals="5" methods="32" coveredmethods="22"/>
      <line num="1" count="1" type="stmt"/>
      <line num="5" count="19" type="stmt"/>
      <line num="6" count="19" type="stmt"/>
      <line num="10" count="56" type="cond" truecount="2" falsecount="0"/>
      <line num="11" count="54" type="stmt"/>
      <line num="13" count="2" type="stmt"/>
      <line num="18" count="3" type="stmt"/>
      <line num="22" count="1" type="stmt"/>
      <line num="26" count="1" type="stmt"/>
      <line num="30" count="7" type="stmt"/>
      <line num="31" count="3" type="stmt"/>
      <line num="35" count="3" type="stmt"/>
      <line num="39" count="1" type="stmt"/>
      <line num="43" count="0" type="stmt"/>
      <line num="44" count="0" type="cond" truecount="0" falsecount="2"/>
      <line num="45" count="0" type="stmt"/>
      <line num="50" count="0" type="stmt"/>
      <line num="51" count="0" type="cond" truecount="0" falsecount="2"/>
      <line num="52" count="0" type="stmt"/>
      <line num="57" count="6" type="stmt"/>
      <line num="61" count="0" type="stmt"/>
      <line num="65" count="11" type="stmt"/>
      <line num="69" count="1" type="stmt"/>
      <line num="73" count="1" type="stmt"/>
      <line num="77" count="2" type="stmt"/>
      <line num="78" count="1" type="stmt"/>
      <line num="82" count="3" type="stmt"/>
      <line num="83" count="9" type="stmt"/>
      <line num="84" count="3" type="stmt"/>
      <line num="88" count="4" type="stmt"/>
      <line num="92" count="1" type="stmt"/>
      <line num="93" count="1" type="stmt"/>
      <line num="94" count="3" type="cond" truecount="1" falsecount="1"/>
      <line num="95" count="0" type="stmt"/>
      <line num="98" count="1" type="stmt"/>
      <line num="102" count="0" type="stmt"/>
      <line num="106" count="0" type="stmt"/>
      <line num="110" count="0" type="stmt"/>
      <line num="114" count="6" type="stmt"/>
      <line num="118" count="9" type="cond" truecount="2" falsecount="0"/>
      <line num="119" count="5" type="stmt"/>
      <line num="124" count="1" type="stmt"/>
    </file>
  </project>
</coverage>
