TN:
SF:todo.js
FN:2,(anonymous_0)
FN:7,(anonymous_1)
FN:12,(anonymous_2)
FN:16,(anonymous_3)
FN:20,(anonymous_4)
FN:24,(anonymous_5)
FNF:6
FNH:5
FNDA:54,(anonymous_0)
FNDA:9,(anonymous_1)
FNDA:17,(anonymous_2)
FNDA:1,(anonymous_3)
FNDA:27,(anonymous_4)
FNDA:0,(anonymous_5)
DA:3,54
DA:4,54
DA:8,9
DA:9,9
DA:13,17
DA:17,1
DA:21,27
DA:25,0
DA:29,1
DA:30,1
DA:32,1
LF:11
LH:10
BRDA:8,0,0,4
BRDA:8,0,1,5
BRF:2
BRH:2
end_of_record
TN:
SF:todolist.js
FN:4,(anonymous_0)
FN:9,(anonymous_1)
FN:17,(anonymous_2)
FN:21,(anonymous_3)
FN:25,(anonymous_4)
FN:29,(anonymous_5)
FN:34,(anonymous_6)
FN:38,(anonymous_7)
FN:42,(anonymous_8)
FN:49,(anonymous_9)
FN:56,(anonymous_10)
FN:57,(anonymous_11)
FN:60,(anonymous_12)
FN:61,(anonymous_13)
FN:64,(anonymous_14)
FN:65,(anonymous_15)
FN:68,(anonymous_16)
FN:72,(anonymous_17)
FN:76,(anonymous_18)
FN:81,(anonymous_19)
FN:83,(anonymous_20)
FN:87,(anonymous_21)
FN:91,(anonymous_22)
FN:93,(anonymous_23)
FN:101,(anonymous_24)
FN:102,(anonymous_25)
FN:105,(anonymous_26)
FN:106,(anonymous_27)
FN:109,(anonymous_28)
FN:110,(anonymous_29)
FN:113,(anonymous_30)
FN:117,(anonymous_31)
FNF:32
FNH:22
FNDA:19,(anonymous_0)
FNDA:56,(anonymous_1)
FNDA:3,(anonymous_2)
FNDA:1,(anonymous_3)
FNDA:1,(anonymous_4)
FNDA:7,(anonymous_5)
FNDA:3,(anonymous_6)
FNDA:1,(anonymous_7)
FNDA:0,(anonymous_8)
FNDA:0,(anonymous_9)
FNDA:2,(anonymous_10)
FNDA:6,(anonymous_11)
FNDA:0,(anonymous_12)
FNDA:0,(anonymous_13)
FNDA:5,(anonymous_14)
FNDA:11,(anonymous_15)
FNDA:1,(anonymous_16)
FNDA:1,(anonymous_17)
FNDA:2,(anonymous_18)
FNDA:3,(anonymous_19)
FNDA:9,(anonymous_20)
FNDA:4,(anonymous_21)
FNDA:1,(anonymous_22)
FNDA:3,(anonymous_23)
FNDA:0,(anonymous_24)
FNDA:0,(anonymous_25)
FNDA:0,(anonymous_26)
FNDA:0,(anonymous_27)
FNDA:0,(anonymous_28)
FNDA:0,(anonymous_29)
FNDA:6,(anonymous_30)
FNDA:9,(anonymous_31)
DA:1,1
DA:5,19
DA:6,19
DA:10,56
DA:11,54
DA:13,2
DA:18,3
DA:22,1
DA:26,1
DA:30,7
DA:31,3
DA:35,3
DA:39,1
DA:43,0
DA:44,0
DA:45,0
DA:50,0
DA:51,0
DA:52,0
DA:57,6
DA:61,0
DA:65,11
DA:69,1
DA:73,1
DA:77,2
DA:78,1
DA:82,3
DA:83,9
DA:84,3
DA:88,4
DA:92,1
DA:93,1
DA:94,3
DA:95,0
DA:98,1
DA:102,0
DA:106,0
DA:110,0
DA:114,6
DA:118,9
DA:119,5
DA:124,1
LF:42
LH:31
BRDA:10,0,0,54
BRDA:10,0,1,2
BRDA:44,1,0,0
BRDA:44,1,1,0
BRDA:51,2,0,0
BRDA:51,2,1,0
BRDA:94,3,0,0
BRDA:94,3,1,3
BRDA:118,4,0,5
BRDA:118,4,1,4
BRF:10
BRH:5
end_of_record
